<?xml version="1.0" encoding="UTF-8"?>
<testsuite xmlns:xsi="http://www.w3.org/2001/XMLSchema-instance" xsi:noNamespaceSchemaLocation="https://maven.apache.org/surefire/maven-surefire-plugin/xsd/surefire-test-report.xsd" name="com.betha.plataforma.bethacon.AwsBillingTsdbApplicationTests" time="4.565" tests="1" errors="0" skipped="0" failures="0">
  <properties>
    <property name="sun.desktop" value="gnome"/>
    <property name="awt.toolkit" value="sun.awt.X11.XToolkit"/>
    <property name="file.encoding.pkg" value="sun.io"/>
    <property name="java.specification.version" value="1.8"/>
    <property name="sun.cpu.isalist" value=""/>
    <property name="sun.jnu.encoding" value="UTF-8"/>
    <property name="java.class.path" value="/home/guilherme.lamego/Projetos/bethaCon/demo-bethacon/target/test-classes:/home/guilherme.lamego/Projetos/bethaCon/demo-bethacon/target/classes:/home/guilherme.lamego/.m2/repository/org/springframework/boot/spring-boot-starter-web/2.6.7/spring-boot-starter-web-2.6.7.jar:/home/guilherme.lamego/.m2/repository/org/springframework/boot/spring-boot-starter/2.6.7/spring-boot-starter-2.6.7.jar:/home/guilherme.lamego/.m2/repository/org/springframework/boot/spring-boot-starter-logging/2.6.7/spring-boot-starter-logging-2.6.7.jar:/home/guilherme.lamego/.m2/repository/ch/qos/logback/logback-classic/1.2.11/logback-classic-1.2.11.jar:/home/guilherme.lamego/.m2/repository/ch/qos/logback/logback-core/1.2.11/logback-core-1.2.11.jar:/home/guilherme.lamego/.m2/repository/org/apache/logging/log4j/log4j-to-slf4j/2.17.2/log4j-to-slf4j-2.17.2.jar:/home/guilherme.lamego/.m2/repository/org/apache/logging/log4j/log4j-api/2.17.2/log4j-api-2.17.2.jar:/home/guilherme.lamego/.m2/repository/org/slf4j/jul-to-slf4j/1.7.36/jul-to-slf4j-1.7.36.jar:/home/guilherme.lamego/.m2/repository/jakarta/annotation/jakarta.annotation-api/1.3.5/jakarta.annotation-api-1.3.5.jar:/home/guilherme.lamego/.m2/repository/org/yaml/snakeyaml/1.29/snakeyaml-1.29.jar:/home/guilherme.lamego/.m2/repository/org/springframework/boot/spring-boot-starter-json/2.6.7/spring-boot-starter-json-2.6.7.jar:/home/guilherme.lamego/.m2/repository/com/fasterxml/jackson/datatype/jackson-datatype-jdk8/2.13.2/jackson-datatype-jdk8-2.13.2.jar:/home/guilherme.lamego/.m2/repository/com/fasterxml/jackson/datatype/jackson-datatype-jsr310/2.13.2/jackson-datatype-jsr310-2.13.2.jar:/home/guilherme.lamego/.m2/repository/com/fasterxml/jackson/module/jackson-module-parameter-names/2.13.2/jackson-module-parameter-names-2.13.2.jar:/home/guilherme.lamego/.m2/repository/org/springframework/boot/spring-boot-starter-tomcat/2.6.7/spring-boot-starter-tomcat-2.6.7.jar:/home/guilherme.lamego/.m2/repository/org/apache/tomcat/embed/tomcat-embed-core/9.0.62/tomcat-embed-core-9.0.62.jar:/home/guilherme.lamego/.m2/repository/org/apache/tomcat/embed/tomcat-embed-websocket/9.0.62/tomcat-embed-websocket-9.0.62.jar:/home/guilherme.lamego/.m2/repository/org/springframework/spring-web/5.3.19/spring-web-5.3.19.jar:/home/guilherme.lamego/.m2/repository/org/springframework/spring-beans/5.3.19/spring-beans-5.3.19.jar:/home/guilherme.lamego/.m2/repository/org/springframework/spring-webmvc/5.3.19/spring-webmvc-5.3.19.jar:/home/guilherme.lamego/.m2/repository/org/springframework/spring-aop/5.3.19/spring-aop-5.3.19.jar:/home/guilherme.lamego/.m2/repository/org/springframework/spring-context/5.3.19/spring-context-5.3.19.jar:/home/guilherme.lamego/.m2/repository/org/springframework/spring-expression/5.3.19/spring-expression-5.3.19.jar:/home/guilherme.lamego/.m2/repository/com/google/guava/guava/23.0/guava-23.0.jar:/home/guilherme.lamego/.m2/repository/com/google/code/findbugs/jsr305/1.3.9/jsr305-1.3.9.jar:/home/guilherme.lamego/.m2/repository/com/google/errorprone/error_prone_annotations/2.0.18/error_prone_annotations-2.0.18.jar:/home/guilherme.lamego/.m2/repository/com/google/j2objc/j2objc-annotations/1.1/j2objc-annotations-1.1.jar:/home/guilherme.lamego/.m2/repository/org/codehaus/mojo/animal-sniffer-annotations/1.14/animal-sniffer-annotations-1.14.jar:/home/guilherme.lamego/.m2/repository/org/springframework/cloud/spring-cloud-starter-openfeign/3.1.5/spring-cloud-starter-openfeign-3.1.5.jar:/home/guilherme.lamego/.m2/repository/org/springframework/cloud/spring-cloud-starter/3.1.5/spring-cloud-starter-3.1.5.jar:/home/guilherme.lamego/.m2/repository/org/springframework/cloud/spring-cloud-context/3.1.5/spring-cloud-context-3.1.5.jar:/home/guilherme.lamego/.m2/repository/org/springframework/security/spring-security-rsa/1.0.11.RELEASE/spring-security-rsa-1.0.11.RELEASE.jar:/home/guilherme.lamego/.m2/repository/org/bouncycastle/bcpkix-jdk15on/1.69/bcpkix-jdk15on-1.69.jar:/home/guilherme.lamego/.m2/repository/org/bouncycastle/bcprov-jdk15on/1.69/bcprov-jdk15on-1.69.jar:/home/guilherme.lamego/.m2/repository/org/bouncycastle/bcutil-jdk15on/1.69/bcutil-jdk15on-1.69.jar:/home/guilherme.lamego/.m2/repository/org/springframework/cloud/spring-cloud-openfeign-core/3.1.5/spring-cloud-openfeign-core-3.1.5.jar:/home/guilherme.lamego/.m2/repository/org/springframework/boot/spring-boot-starter-aop/2.6.7/spring-boot-starter-aop-2.6.7.jar:/home/guilherme.lamego/.m2/repository/org/aspectj/aspectjweaver/1.9.7/aspectjweaver-1.9.7.jar:/home/guilherme.lamego/.m2/repository/io/github/openfeign/form/feign-form-spring/3.8.0/feign-form-spring-3.8.0.jar:/home/guilherme.lamego/.m2/repository/io/github/openfeign/form/feign-form/3.8.0/feign-form-3.8.0.jar:/home/guilherme.lamego/.m2/repository/commons-fileupload/commons-fileupload/1.4/commons-fileupload-1.4.jar:/home/guilherme.lamego/.m2/repository/org/springframework/cloud/spring-cloud-commons/3.1.5/spring-cloud-commons-3.1.5.jar:/home/guilherme.lamego/.m2/repository/org/springframework/security/spring-security-crypto/5.6.3/spring-security-crypto-5.6.3.jar:/home/guilherme.lamego/.m2/repository/io/github/openfeign/feign-core/11.10/feign-core-11.10.jar:/home/guilherme.lamego/.m2/repository/io/github/openfeign/feign-slf4j/11.10/feign-slf4j-11.10.jar:/home/guilherme.lamego/.m2/repository/org/slf4j/slf4j-api/1.7.36/slf4j-api-1.7.36.jar:/home/guilherme.lamego/.m2/repository/com/betha/json/json-patch/1.12.3.Betha/json-patch-1.12.3.Betha.jar:/home/guilherme.lamego/.m2/repository/com/github/fge/jackson-coreutils/1.6/jackson-coreutils-1.6.jar:/home/guilherme.lamego/.m2/repository/com/github/fge/msg-simple/1.1/msg-simple-1.1.jar:/home/guilherme.lamego/.m2/repository/com/github/fge/btf/1.2/btf-1.2.jar:/home/guilherme.lamego/.m2/repository/com/fasterxml/jackson/core/jackson-databind/2.13.2.1/jackson-databind-2.13.2.1.jar:/home/guilherme.lamego/.m2/repository/com/fasterxml/jackson/core/jackson-annotations/2.13.2/jackson-annotations-2.13.2.jar:/home/guilherme.lamego/.m2/repository/com/fasterxml/jackson/core/jackson-core/2.13.2/jackson-core-2.13.2.jar:/home/guilherme.lamego/.m2/repository/org/projectlombok/lombok/1.18.24/lombok-1.18.24.jar:/home/guilherme.lamego/.m2/repository/org/springframework/boot/spring-boot-starter-test/2.6.7/spring-boot-starter-test-2.6.7.jar:/home/guilherme.lamego/.m2/repository/org/springframework/boot/spring-boot-test/2.6.7/spring-boot-test-2.6.7.jar:/home/guilherme.lamego/.m2/repository/org/springframework/boot/spring-boot-test-autoconfigure/2.6.7/spring-boot-test-autoconfigure-2.6.7.jar:/home/guilherme.lamego/.m2/repository/com/jayway/jsonpath/json-path/2.6.0/json-path-2.6.0.jar:/home/guilherme.lamego/.m2/repository/net/minidev/json-smart/2.4.8/json-smart-2.4.8.jar:/home/guilherme.lamego/.m2/repository/net/minidev/accessors-smart/2.4.8/accessors-smart-2.4.8.jar:/home/guilherme.lamego/.m2/repository/org/ow2/asm/asm/9.1/asm-9.1.jar:/home/guilherme.lamego/.m2/repository/jakarta/xml/bind/jakarta.xml.bind-api/2.3.3/jakarta.xml.bind-api-2.3.3.jar:/home/guilherme.lamego/.m2/repository/jakarta/activation/jakarta.activation-api/1.2.2/jakarta.activation-api-1.2.2.jar:/home/guilherme.lamego/.m2/repository/org/assertj/assertj-core/3.21.0/assertj-core-3.21.0.jar:/home/guilherme.lamego/.m2/repository/org/hamcrest/hamcrest/2.2/hamcrest-2.2.jar:/home/guilherme.lamego/.m2/repository/org/junit/jupiter/junit-jupiter/5.8.2/junit-jupiter-5.8.2.jar:/home/guilherme.lamego/.m2/repository/org/junit/jupiter/junit-jupiter-api/5.8.2/junit-jupiter-api-5.8.2.jar:/home/guilherme.lamego/.m2/repository/org/opentest4j/opentest4j/1.2.0/opentest4j-1.2.0.jar:/home/guilherme.lamego/.m2/repository/org/junit/platform/junit-platform-commons/1.8.2/junit-platform-commons-1.8.2.jar:/home/guilherme.lamego/.m2/repository/org/apiguardian/apiguardian-api/1.1.2/apiguardian-api-1.1.2.jar:/home/guilherme.lamego/.m2/repository/org/junit/jupiter/junit-jupiter-params/5.8.2/junit-jupiter-params-5.8.2.jar:/home/guilherme.lamego/.m2/repository/org/junit/jupiter/junit-jupiter-engine/5.8.2/junit-jupiter-engine-5.8.2.jar:/home/guilherme.lamego/.m2/repository/org/junit/platform/junit-platform-engine/1.8.2/junit-platform-engine-1.8.2.jar:/home/guilherme.lamego/.m2/repository/org/mockito/mockito-core/4.0.0/mockito-core-4.0.0.jar:/home/guilherme.lamego/.m2/repository/net/bytebuddy/byte-buddy/1.11.22/byte-buddy-1.11.22.jar:/home/guilherme.lamego/.m2/repository/net/bytebuddy/byte-buddy-agent/1.11.22/byte-buddy-agent-1.11.22.jar:/home/guilherme.lamego/.m2/repository/org/objenesis/objenesis/3.2/objenesis-3.2.jar:/home/guilherme.lamego/.m2/repository/org/mockito/mockito-junit-jupiter/4.0.0/mockito-junit-jupiter-4.0.0.jar:/home/guilherme.lamego/.m2/repository/org/skyscreamer/jsonassert/1.5.0/jsonassert-1.5.0.jar:/home/guilherme.lamego/.m2/repository/com/vaadin/external/google/android-json/0.0.20131108.vaadin1/android-json-0.0.20131108.vaadin1.jar:/home/guilherme.lamego/.m2/repository/org/springframework/spring-core/5.3.19/spring-core-5.3.19.jar:/home/guilherme.lamego/.m2/repository/org/springframework/spring-jcl/5.3.19/spring-jcl-5.3.19.jar:/home/guilherme.lamego/.m2/repository/org/springframework/spring-test/5.3.19/spring-test-5.3.19.jar:/home/guilherme.lamego/.m2/repository/org/xmlunit/xmlunit-core/2.8.4/xmlunit-core-2.8.4.jar:/home/guilherme.lamego/.m2/repository/org/springframework/boot/spring-boot-starter-data-mongodb/2.6.7/spring-boot-starter-data-mongodb-2.6.7.jar:/home/guilherme.lamego/.m2/repository/org/mongodb/mongodb-driver-sync/4.4.2/mongodb-driver-sync-4.4.2.jar:/home/guilherme.lamego/.m2/repository/org/mongodb/bson/4.4.2/bson-4.4.2.jar:/home/guilherme.lamego/.m2/repository/org/mongodb/mongodb-driver-core/4.4.2/mongodb-driver-core-4.4.2.jar:/home/guilherme.lamego/.m2/repository/org/springframework/data/spring-data-mongodb/3.3.4/spring-data-mongodb-3.3.4.jar:/home/guilherme.lamego/.m2/repository/org/springframework/spring-tx/5.3.19/spring-tx-5.3.19.jar:/home/guilherme.lamego/.m2/repository/org/springframework/data/spring-data-commons/2.6.4/spring-data-commons-2.6.4.jar:/home/guilherme.lamego/.m2/repository/org/springframework/boot/spring-boot-starter-actuator/2.6.7/spring-boot-starter-actuator-2.6.7.jar:/home/guilherme.lamego/.m2/repository/org/springframework/boot/spring-boot-actuator-autoconfigure/2.6.7/spring-boot-actuator-autoconfigure-2.6.7.jar:/home/guilherme.lamego/.m2/repository/org/springframework/boot/spring-boot-actuator/2.6.7/spring-boot-actuator-2.6.7.jar:/home/guilherme.lamego/.m2/repository/io/micrometer/micrometer-core/1.8.5/micrometer-core-1.8.5.jar:/home/guilherme.lamego/.m2/repository/org/hdrhistogram/HdrHistogram/2.1.12/HdrHistogram-2.1.12.jar:/home/guilherme.lamego/.m2/repository/org/latencyutils/LatencyUtils/2.0.3/LatencyUtils-2.0.3.jar:/home/guilherme.lamego/.m2/repository/io/micrometer/micrometer-registry-prometheus/1.8.5/micrometer-registry-prometheus-1.8.5.jar:/home/guilherme.lamego/.m2/repository/io/prometheus/simpleclient_common/0.12.0/simpleclient_common-0.12.0.jar:/home/guilherme.lamego/.m2/repository/io/prometheus/simpleclient/0.12.0/simpleclient-0.12.0.jar:/home/guilherme.lamego/.m2/repository/io/prometheus/simpleclient_tracer_otel/0.12.0/simpleclient_tracer_otel-0.12.0.jar:/home/guilherme.lamego/.m2/repository/io/prometheus/simpleclient_tracer_common/0.12.0/simpleclient_tracer_common-0.12.0.jar:/home/guilherme.lamego/.m2/repository/io/prometheus/simpleclient_tracer_otel_agent/0.12.0/simpleclient_tracer_otel_agent-0.12.0.jar:/home/guilherme.lamego/.m2/repository/com/google/code/gson/gson/2.9.0/gson-2.9.0.jar:/home/guilherme.lamego/.m2/repository/org/springframework/boot/spring-boot-starter-web-services/2.6.7/spring-boot-starter-web-services-2.6.7.jar:/home/guilherme.lamego/.m2/repository/com/sun/xml/messaging/saaj/saaj-impl/1.5.3/saaj-impl-1.5.3.jar:/home/guilherme.lamego/.m2/repository/jakarta/xml/soap/jakarta.xml.soap-api/1.4.2/jakarta.xml.soap-api-1.4.2.jar:/home/guilherme.lamego/.m2/repository/org/jvnet/staxex/stax-ex/1.8.3/stax-ex-1.8.3.jar:/home/guilherme.lamego/.m2/repository/com/sun/activation/jakarta.activation/1.2.2/jakarta.activation-1.2.2.jar:/home/guilherme.lamego/.m2/repository/jakarta/xml/ws/jakarta.xml.ws-api/2.3.3/jakarta.xml.ws-api-2.3.3.jar:/home/guilherme.lamego/.m2/repository/jakarta/jws/jakarta.jws-api/2.1.0/jakarta.jws-api-2.1.0.jar:/home/guilherme.lamego/.m2/repository/org/springframework/spring-oxm/5.3.19/spring-oxm-5.3.19.jar:/home/guilherme.lamego/.m2/repository/org/springframework/ws/spring-ws-core/3.1.3/spring-ws-core-3.1.3.jar:/home/guilherme.lamego/.m2/repository/org/springframework/ws/spring-xml/3.1.3/spring-xml-3.1.3.jar:/home/guilherme.lamego/.m2/repository/org/springframework/boot/spring-boot-devtools/2.6.7/spring-boot-devtools-2.6.7.jar:/home/guilherme.lamego/.m2/repository/org/springframework/boot/spring-boot/2.6.7/spring-boot-2.6.7.jar:/home/guilherme.lamego/.m2/repository/org/springframework/boot/spring-boot-autoconfigure/2.6.7/spring-boot-autoconfigure-2.6.7.jar:/home/guilherme.lamego/.m2/repository/org/springframework/boot/spring-boot-starter-validation/2.6.7/spring-boot-starter-validation-2.6.7.jar:/home/guilherme.lamego/.m2/repository/org/apache/tomcat/embed/tomcat-embed-el/9.0.62/tomcat-embed-el-9.0.62.jar:/home/guilherme.lamego/.m2/repository/org/hibernate/validator/hibernate-validator/6.2.3.Final/hibernate-validator-6.2.3.Final.jar:/home/guilherme.lamego/.m2/repository/jakarta/validation/jakarta.validation-api/2.0.2/jakarta.validation-api-2.0.2.jar:/home/guilherme.lamego/.m2/repository/org/jboss/logging/jboss-logging/3.4.3.Final/jboss-logging-3.4.3.Final.jar:/home/guilherme.lamego/.m2/repository/com/fasterxml/classmate/1.5.1/classmate-1.5.1.jar:"/>
    <property name="java.vm.vendor" value="Amazon.com Inc."/>
    <property name="sun.arch.data.model" value="64"/>
    <property name="java.vendor.url" value="https://aws.amazon.com/corretto/"/>
    <property name="user.timezone" value=""/>
    <property name="java.vm.specification.version" value="1.8"/>
    <property name="os.name" value="Linux"/>
    <property name="user.country" value="BR"/>
    <property name="sun.java.launcher" value="SUN_STANDARD"/>
    <property name="sun.boot.library.path" value="/home/guilherme.lamego/.sdkman/candidates/java/8.302.08.1-amzn/jre/lib/amd64"/>
    <property name="sun.java.command" value="/home/guilherme.lamego/Projetos/bethaCon/demo-bethacon/target/surefire/surefirebooter304603871082797316.jar /home/guilherme.lamego/Projetos/bethaCon/demo-bethacon/target/surefire 2022-11-22T10-42-12_688-jvmRun1 surefire6458123919090385979tmp surefire_03713735318592528357tmp"/>
    <property name="surefire.test.class.path" value="/home/guilherme.lamego/Projetos/bethaCon/demo-bethacon/target/test-classes:/home/guilherme.lamego/Projetos/bethaCon/demo-bethacon/target/classes:/home/guilherme.lamego/.m2/repository/org/springframework/boot/spring-boot-starter-web/2.6.7/spring-boot-starter-web-2.6.7.jar:/home/guilherme.lamego/.m2/repository/org/springframework/boot/spring-boot-starter/2.6.7/spring-boot-starter-2.6.7.jar:/home/guilherme.lamego/.m2/repository/org/springframework/boot/spring-boot-starter-logging/2.6.7/spring-boot-starter-logging-2.6.7.jar:/home/guilherme.lamego/.m2/repository/ch/qos/logback/logback-classic/1.2.11/logback-classic-1.2.11.jar:/home/guilherme.lamego/.m2/repository/ch/qos/logback/logback-core/1.2.11/logback-core-1.2.11.jar:/home/guilherme.lamego/.m2/repository/org/apache/logging/log4j/log4j-to-slf4j/2.17.2/log4j-to-slf4j-2.17.2.jar:/home/guilherme.lamego/.m2/repository/org/apache/logging/log4j/log4j-api/2.17.2/log4j-api-2.17.2.jar:/home/guilherme.lamego/.m2/repository/org/slf4j/jul-to-slf4j/1.7.36/jul-to-slf4j-1.7.36.jar:/home/guilherme.lamego/.m2/repository/jakarta/annotation/jakarta.annotation-api/1.3.5/jakarta.annotation-api-1.3.5.jar:/home/guilherme.lamego/.m2/repository/org/yaml/snakeyaml/1.29/snakeyaml-1.29.jar:/home/guilherme.lamego/.m2/repository/org/springframework/boot/spring-boot-starter-json/2.6.7/spring-boot-starter-json-2.6.7.jar:/home/guilherme.lamego/.m2/repository/com/fasterxml/jackson/datatype/jackson-datatype-jdk8/2.13.2/jackson-datatype-jdk8-2.13.2.jar:/home/guilherme.lamego/.m2/repository/com/fasterxml/jackson/datatype/jackson-datatype-jsr310/2.13.2/jackson-datatype-jsr310-2.13.2.jar:/home/guilherme.lamego/.m2/repository/com/fasterxml/jackson/module/jackson-module-parameter-names/2.13.2/jackson-module-parameter-names-2.13.2.jar:/home/guilherme.lamego/.m2/repository/org/springframework/boot/spring-boot-starter-tomcat/2.6.7/spring-boot-starter-tomcat-2.6.7.jar:/home/guilherme.lamego/.m2/repository/org/apache/tomcat/embed/tomcat-embed-core/9.0.62/tomcat-embed-core-9.0.62.jar:/home/guilherme.lamego/.m2/repository/org/apache/tomcat/embed/tomcat-embed-websocket/9.0.62/tomcat-embed-websocket-9.0.62.jar:/home/guilherme.lamego/.m2/repository/org/springframework/spring-web/5.3.19/spring-web-5.3.19.jar:/home/guilherme.lamego/.m2/repository/org/springframework/spring-beans/5.3.19/spring-beans-5.3.19.jar:/home/guilherme.lamego/.m2/repository/org/springframework/spring-webmvc/5.3.19/spring-webmvc-5.3.19.jar:/home/guilherme.lamego/.m2/repository/org/springframework/spring-aop/5.3.19/spring-aop-5.3.19.jar:/home/guilherme.lamego/.m2/repository/org/springframework/spring-context/5.3.19/spring-context-5.3.19.jar:/home/guilherme.lamego/.m2/repository/org/springframework/spring-expression/5.3.19/spring-expression-5.3.19.jar:/home/guilherme.lamego/.m2/repository/com/google/guava/guava/23.0/guava-23.0.jar:/home/guilherme.lamego/.m2/repository/com/google/code/findbugs/jsr305/1.3.9/jsr305-1.3.9.jar:/home/guilherme.lamego/.m2/repository/com/google/errorprone/error_prone_annotations/2.0.18/error_prone_annotations-2.0.18.jar:/home/guilherme.lamego/.m2/repository/com/google/j2objc/j2objc-annotations/1.1/j2objc-annotations-1.1.jar:/home/guilherme.lamego/.m2/repository/org/codehaus/mojo/animal-sniffer-annotations/1.14/animal-sniffer-annotations-1.14.jar:/home/guilherme.lamego/.m2/repository/org/springframework/cloud/spring-cloud-starter-openfeign/3.1.5/spring-cloud-starter-openfeign-3.1.5.jar:/home/guilherme.lamego/.m2/repository/org/springframework/cloud/spring-cloud-starter/3.1.5/spring-cloud-starter-3.1.5.jar:/home/guilherme.lamego/.m2/repository/org/springframework/cloud/spring-cloud-context/3.1.5/spring-cloud-context-3.1.5.jar:/home/guilherme.lamego/.m2/repository/org/springframework/security/spring-security-rsa/1.0.11.RELEASE/spring-security-rsa-1.0.11.RELEASE.jar:/home/guilherme.lamego/.m2/repository/org/bouncycastle/bcpkix-jdk15on/1.69/bcpkix-jdk15on-1.69.jar:/home/guilherme.lamego/.m2/repository/org/bouncycastle/bcprov-jdk15on/1.69/bcprov-jdk15on-1.69.jar:/home/guilherme.lamego/.m2/repository/org/bouncycastle/bcutil-jdk15on/1.69/bcutil-jdk15on-1.69.jar:/home/guilherme.lamego/.m2/repository/org/springframework/cloud/spring-cloud-openfeign-core/3.1.5/spring-cloud-openfeign-core-3.1.5.jar:/home/guilherme.lamego/.m2/repository/org/springframework/boot/spring-boot-starter-aop/2.6.7/spring-boot-starter-aop-2.6.7.jar:/home/guilherme.lamego/.m2/repository/org/aspectj/aspectjweaver/1.9.7/aspectjweaver-1.9.7.jar:/home/guilherme.lamego/.m2/repository/io/github/openfeign/form/feign-form-spring/3.8.0/feign-form-spring-3.8.0.jar:/home/guilherme.lamego/.m2/repository/io/github/openfeign/form/feign-form/3.8.0/feign-form-3.8.0.jar:/home/guilherme.lamego/.m2/repository/commons-fileupload/commons-fileupload/1.4/commons-fileupload-1.4.jar:/home/guilherme.lamego/.m2/repository/org/springframework/cloud/spring-cloud-commons/3.1.5/spring-cloud-commons-3.1.5.jar:/home/guilherme.lamego/.m2/repository/org/springframework/security/spring-security-crypto/5.6.3/spring-security-crypto-5.6.3.jar:/home/guilherme.lamego/.m2/repository/io/github/openfeign/feign-core/11.10/feign-core-11.10.jar:/home/guilherme.lamego/.m2/repository/io/github/openfeign/feign-slf4j/11.10/feign-slf4j-11.10.jar:/home/guilherme.lamego/.m2/repository/org/slf4j/slf4j-api/1.7.36/slf4j-api-1.7.36.jar:/home/guilherme.lamego/.m2/repository/com/betha/json/json-patch/1.12.3.Betha/json-patch-1.12.3.Betha.jar:/home/guilherme.lamego/.m2/repository/com/github/fge/jackson-coreutils/1.6/jackson-coreutils-1.6.jar:/home/guilherme.lamego/.m2/repository/com/github/fge/msg-simple/1.1/msg-simple-1.1.jar:/home/guilherme.lamego/.m2/repository/com/github/fge/btf/1.2/btf-1.2.jar:/home/guilherme.lamego/.m2/repository/com/fasterxml/jackson/core/jackson-databind/2.13.2.1/jackson-databind-2.13.2.1.jar:/home/guilherme.lamego/.m2/repository/com/fasterxml/jackson/core/jackson-annotations/2.13.2/jackson-annotations-2.13.2.jar:/home/guilherme.lamego/.m2/repository/com/fasterxml/jackson/core/jackson-core/2.13.2/jackson-core-2.13.2.jar:/home/guilherme.lamego/.m2/repository/org/projectlombok/lombok/1.18.24/lombok-1.18.24.jar:/home/guilherme.lamego/.m2/repository/org/springframework/boot/spring-boot-starter-test/2.6.7/spring-boot-starter-test-2.6.7.jar:/home/guilherme.lamego/.m2/repository/org/springframework/boot/spring-boot-test/2.6.7/spring-boot-test-2.6.7.jar:/home/guilherme.lamego/.m2/repository/org/springframework/boot/spring-boot-test-autoconfigure/2.6.7/spring-boot-test-autoconfigure-2.6.7.jar:/home/guilherme.lamego/.m2/repository/com/jayway/jsonpath/json-path/2.6.0/json-path-2.6.0.jar:/home/guilherme.lamego/.m2/repository/net/minidev/json-smart/2.4.8/json-smart-2.4.8.jar:/home/guilherme.lamego/.m2/repository/net/minidev/accessors-smart/2.4.8/accessors-smart-2.4.8.jar:/home/guilherme.lamego/.m2/repository/org/ow2/asm/asm/9.1/asm-9.1.jar:/home/guilherme.lamego/.m2/repository/jakarta/xml/bind/jakarta.xml.bind-api/2.3.3/jakarta.xml.bind-api-2.3.3.jar:/home/guilherme.lamego/.m2/repository/jakarta/activation/jakarta.activation-api/1.2.2/jakarta.activation-api-1.2.2.jar:/home/guilherme.lamego/.m2/repository/org/assertj/assertj-core/3.21.0/assertj-core-3.21.0.jar:/home/guilherme.lamego/.m2/repository/org/hamcrest/hamcrest/2.2/hamcrest-2.2.jar:/home/guilherme.lamego/.m2/repository/org/junit/jupiter/junit-jupiter/5.8.2/junit-jupiter-5.8.2.jar:/home/guilherme.lamego/.m2/repository/org/junit/jupiter/junit-jupiter-api/5.8.2/junit-jupiter-api-5.8.2.jar:/home/guilherme.lamego/.m2/repository/org/opentest4j/opentest4j/1.2.0/opentest4j-1.2.0.jar:/home/guilherme.lamego/.m2/repository/org/junit/platform/junit-platform-commons/1.8.2/junit-platform-commons-1.8.2.jar:/home/guilherme.lamego/.m2/repository/org/apiguardian/apiguardian-api/1.1.2/apiguardian-api-1.1.2.jar:/home/guilherme.lamego/.m2/repository/org/junit/jupiter/junit-jupiter-params/5.8.2/junit-jupiter-params-5.8.2.jar:/home/guilherme.lamego/.m2/repository/org/junit/jupiter/junit-jupiter-engine/5.8.2/junit-jupiter-engine-5.8.2.jar:/home/guilherme.lamego/.m2/repository/org/junit/platform/junit-platform-engine/1.8.2/junit-platform-engine-1.8.2.jar:/home/guilherme.lamego/.m2/repository/org/mockito/mockito-core/4.0.0/mockito-core-4.0.0.jar:/home/guilherme.lamego/.m2/repository/net/bytebuddy/byte-buddy/1.11.22/byte-buddy-1.11.22.jar:/home/guilherme.lamego/.m2/repository/net/bytebuddy/byte-buddy-agent/1.11.22/byte-buddy-agent-1.11.22.jar:/home/guilherme.lamego/.m2/repository/org/objenesis/objenesis/3.2/objenesis-3.2.jar:/home/guilherme.lamego/.m2/repository/org/mockito/mockito-junit-jupiter/4.0.0/mockito-junit-jupiter-4.0.0.jar:/home/guilherme.lamego/.m2/repository/org/skyscreamer/jsonassert/1.5.0/jsonassert-1.5.0.jar:/home/guilherme.lamego/.m2/repository/com/vaadin/external/google/android-json/0.0.20131108.vaadin1/android-json-0.0.20131108.vaadin1.jar:/home/guilherme.lamego/.m2/repository/org/springframework/spring-core/5.3.19/spring-core-5.3.19.jar:/home/guilherme.lamego/.m2/repository/org/springframework/spring-jcl/5.3.19/spring-jcl-5.3.19.jar:/home/guilherme.lamego/.m2/repository/org/springframework/spring-test/5.3.19/spring-test-5.3.19.jar:/home/guilherme.lamego/.m2/repository/org/xmlunit/xmlunit-core/2.8.4/xmlunit-core-2.8.4.jar:/home/guilherme.lamego/.m2/repository/org/springframework/boot/spring-boot-starter-data-mongodb/2.6.7/spring-boot-starter-data-mongodb-2.6.7.jar:/home/guilherme.lamego/.m2/repository/org/mongodb/mongodb-driver-sync/4.4.2/mongodb-driver-sync-4.4.2.jar:/home/guilherme.lamego/.m2/repository/org/mongodb/bson/4.4.2/bson-4.4.2.jar:/home/guilherme.lamego/.m2/repository/org/mongodb/mongodb-driver-core/4.4.2/mongodb-driver-core-4.4.2.jar:/home/guilherme.lamego/.m2/repository/org/springframework/data/spring-data-mongodb/3.3.4/spring-data-mongodb-3.3.4.jar:/home/guilherme.lamego/.m2/repository/org/springframework/spring-tx/5.3.19/spring-tx-5.3.19.jar:/home/guilherme.lamego/.m2/repository/org/springframework/data/spring-data-commons/2.6.4/spring-data-commons-2.6.4.jar:/home/guilherme.lamego/.m2/repository/org/springframework/boot/spring-boot-starter-actuator/2.6.7/spring-boot-starter-actuator-2.6.7.jar:/home/guilherme.lamego/.m2/repository/org/springframework/boot/spring-boot-actuator-autoconfigure/2.6.7/spring-boot-actuator-autoconfigure-2.6.7.jar:/home/guilherme.lamego/.m2/repository/org/springframework/boot/spring-boot-actuator/2.6.7/spring-boot-actuator-2.6.7.jar:/home/guilherme.lamego/.m2/repository/io/micrometer/micrometer-core/1.8.5/micrometer-core-1.8.5.jar:/home/guilherme.lamego/.m2/repository/org/hdrhistogram/HdrHistogram/2.1.12/HdrHistogram-2.1.12.jar:/home/guilherme.lamego/.m2/repository/org/latencyutils/LatencyUtils/2.0.3/LatencyUtils-2.0.3.jar:/home/guilherme.lamego/.m2/repository/io/micrometer/micrometer-registry-prometheus/1.8.5/micrometer-registry-prometheus-1.8.5.jar:/home/guilherme.lamego/.m2/repository/io/prometheus/simpleclient_common/0.12.0/simpleclient_common-0.12.0.jar:/home/guilherme.lamego/.m2/repository/io/prometheus/simpleclient/0.12.0/simpleclient-0.12.0.jar:/home/guilherme.lamego/.m2/repository/io/prometheus/simpleclient_tracer_otel/0.12.0/simpleclient_tracer_otel-0.12.0.jar:/home/guilherme.lamego/.m2/repository/io/prometheus/simpleclient_tracer_common/0.12.0/simpleclient_tracer_common-0.12.0.jar:/home/guilherme.lamego/.m2/repository/io/prometheus/simpleclient_tracer_otel_agent/0.12.0/simpleclient_tracer_otel_agent-0.12.0.jar:/home/guilherme.lamego/.m2/repository/com/google/code/gson/gson/2.9.0/gson-2.9.0.jar:/home/guilherme.lamego/.m2/repository/org/springframework/boot/spring-boot-starter-web-services/2.6.7/spring-boot-starter-web-services-2.6.7.jar:/home/guilherme.lamego/.m2/repository/com/sun/xml/messaging/saaj/saaj-impl/1.5.3/saaj-impl-1.5.3.jar:/home/guilherme.lamego/.m2/repository/jakarta/xml/soap/jakarta.xml.soap-api/1.4.2/jakarta.xml.soap-api-1.4.2.jar:/home/guilherme.lamego/.m2/repository/org/jvnet/staxex/stax-ex/1.8.3/stax-ex-1.8.3.jar:/home/guilherme.lamego/.m2/repository/com/sun/activation/jakarta.activation/1.2.2/jakarta.activation-1.2.2.jar:/home/guilherme.lamego/.m2/repository/jakarta/xml/ws/jakarta.xml.ws-api/2.3.3/jakarta.xml.ws-api-2.3.3.jar:/home/guilherme.lamego/.m2/repository/jakarta/jws/jakarta.jws-api/2.1.0/jakarta.jws-api-2.1.0.jar:/home/guilherme.lamego/.m2/repository/org/springframework/spring-oxm/5.3.19/spring-oxm-5.3.19.jar:/home/guilherme.lamego/.m2/repository/org/springframework/ws/spring-ws-core/3.1.3/spring-ws-core-3.1.3.jar:/home/guilherme.lamego/.m2/repository/org/springframework/ws/spring-xml/3.1.3/spring-xml-3.1.3.jar:/home/guilherme.lamego/.m2/repository/org/springframework/boot/spring-boot-devtools/2.6.7/spring-boot-devtools-2.6.7.jar:/home/guilherme.lamego/.m2/repository/org/springframework/boot/spring-boot/2.6.7/spring-boot-2.6.7.jar:/home/guilherme.lamego/.m2/repository/org/springframework/boot/spring-boot-autoconfigure/2.6.7/spring-boot-autoconfigure-2.6.7.jar:/home/guilherme.lamego/.m2/repository/org/springframework/boot/spring-boot-starter-validation/2.6.7/spring-boot-starter-validation-2.6.7.jar:/home/guilherme.lamego/.m2/repository/org/apache/tomcat/embed/tomcat-embed-el/9.0.62/tomcat-embed-el-9.0.62.jar:/home/guilherme.lamego/.m2/repository/org/hibernate/validator/hibernate-validator/6.2.3.Final/hibernate-validator-6.2.3.Final.jar:/home/guilherme.lamego/.m2/repository/jakarta/validation/jakarta.validation-api/2.0.2/jakarta.validation-api-2.0.2.jar:/home/guilherme.lamego/.m2/repository/org/jboss/logging/jboss-logging/3.4.3.Final/jboss-logging-3.4.3.Final.jar:/home/guilherme.lamego/.m2/repository/com/fasterxml/classmate/1.5.1/classmate-1.5.1.jar:"/>
    <property name="sun.cpu.endian" value="little"/>
    <property name="user.home" value="/home/guilherme.lamego"/>
    <property name="user.language" value="pt"/>
    <property name="java.specification.vendor" value="Oracle Corporation"/>
    <property name="java.home" value="/home/guilherme.lamego/.sdkman/candidates/java/8.302.08.1-amzn/jre"/>
    <property name="basedir" value="/home/guilherme.lamego/Projetos/bethaCon/demo-bethacon"/>
    <property name="file.separator" value="/"/>
    <property name="line.separator" value="&#10;"/>
    <property name="java.vm.specification.vendor" value="Oracle Corporation"/>
    <property name="java.specification.name" value="Java Platform API Specification"/>
    <property name="java.awt.graphicsenv" value="sun.awt.X11GraphicsEnvironment"/>
    <property name="surefire.real.class.path" value="/home/guilherme.lamego/Projetos/bethaCon/demo-bethacon/target/surefire/surefirebooter304603871082797316.jar"/>
    <property name="sun.boot.class.path" value="/home/guilherme.lamego/.sdkman/candidates/java/8.302.08.1-amzn/jre/lib/resources.jar:/home/guilherme.lamego/.sdkman/candidates/java/8.302.08.1-amzn/jre/lib/rt.jar:/home/guilherme.lamego/.sdkman/candidates/java/8.302.08.1-amzn/jre/lib/sunrsasign.jar:/home/guilherme.lamego/.sdkman/candidates/java/8.302.08.1-amzn/jre/lib/jsse.jar:/home/guilherme.lamego/.sdkman/candidates/java/8.302.08.1-amzn/jre/lib/jce.jar:/home/guilherme.lamego/.sdkman/candidates/java/8.302.08.1-amzn/jre/lib/charsets.jar:/home/guilherme.lamego/.sdkman/candidates/java/8.302.08.1-amzn/jre/lib/jfr.jar:/home/guilherme.lamego/.sdkman/candidates/java/8.302.08.1-amzn/jre/classes"/>
    <property name="sun.management.compiler" value="HotSpot 64-Bit Tiered Compilers"/>
    <property name="java.runtime.version" value="1.8.0_302-b08"/>
    <property name="user.name" value="BETHA\guilherme.lamego"/>
    <property name="path.separator" value=":"/>
    <property name="os.version" value="5.14.0-1054-oem"/>
    <property name="java.endorsed.dirs" value="/home/guilherme.lamego/.sdkman/candidates/java/8.302.08.1-amzn/jre/lib/endorsed"/>
    <property name="java.runtime.name" value="OpenJDK Runtime Environment"/>
    <property name="file.encoding" value="UTF-8"/>
    <property name="java.vm.name" value="OpenJDK 64-Bit Server VM"/>
    <property name="localRepository" value="/home/guilherme.lamego/.m2/repository"/>
    <property name="java.vendor.url.bug" value="https://github.com/corretto/corretto-8/issues/"/>
    <property name="java.io.tmpdir" value="/tmp"/>
    <property name="java.version" value="1.8.0_302"/>
    <property name="user.dir" value="/home/guilherme.lamego/Projetos/bethaCon/demo-bethacon"/>
    <property name="os.arch" value="amd64"/>
    <property name="java.vm.specification.name" value="Java Virtual Machine Specification"/>
    <property name="java.awt.printerjob" value="sun.print.PSPrinterJob"/>
    <property name="sun.os.patch.level" value="unknown"/>
    <property name="java.library.path" value="/usr/java/packages/lib/amd64:/usr/lib64:/lib64:/lib:/usr/lib"/>
    <property name="java.vm.info" value="mixed mode"/>
    <property name="java.vendor" value="Amazon.com Inc."/>
    <property name="java.vm.version" value="25.302-b08"/>
    <property name="java.ext.dirs" value="/home/guilherme.lamego/.sdkman/candidates/java/8.302.08.1-amzn/jre/lib/ext:/usr/java/packages/lib/ext"/>
    <property name="sun.io.unicode.encoding" value="UnicodeLittle"/>
    <property name="java.class.version" value="52.0"/>
  </properties>
  <testcase name="contextLoads" classname="com.betha.plataforma.bethacon.AwsBillingTsdbApplicationTests" time="0.249"/>
</testsuite>